<?xml version="1.0" encoding="UTF-8"?>
<robot generator="Robot 3.1.1 (Python 3.7.3 on win32)" generated="20200412 21:20:04.306" rpa="false">
<suite id="s1" name="Test1 &amp; Test2">
<suite id="s1-s1" name="Test1" source="C:\Users\google\Desktop\github\test1.robot">
<test id="s1-s1-t1" name="Verify Login">
<kw name="Log" library="BuiltIn">
<doc>Logs the given message with the given level.</doc>
<arguments>
<arg>"Ahnang"</arg>
</arguments>
<msg timestamp="20200412 21:20:04.473" level="INFO">"Ahnang"</msg>
<status status="PASS" starttime="20200412 21:20:04.473" endtime="20200412 21:20:04.474"></status>
</kw>
<kw name="Sleep" library="BuiltIn">
<doc>Pauses the test executed for the given time.</doc>
<arguments>
<arg>5s</arg>
</arguments>
<msg timestamp="20200412 21:20:09.476" level="INFO">Slept 5 seconds</msg>
<status status="PASS" starttime="20200412 21:20:04.474" endtime="20200412 21:20:09.476"></status>
</kw>
<status status="PASS" starttime="20200412 21:20:04.473" endtime="20200412 21:20:09.476" critical="yes"></status>
</test>
<test id="s1-s1-t2" name="Verify homepage">
<kw name="logxxx">
<arguments>
<arg>"Ahnang"</arg>
</arguments>
<msg timestamp="20200412 21:20:09.481" level="FAIL">No keyword with name 'logxxx' found.</msg>
<status status="FAIL" starttime="20200412 21:20:09.481" endtime="20200412 21:20:09.481"></status>
</kw>
<status status="FAIL" starttime="20200412 21:20:09.477" endtime="20200412 21:20:09.481" critical="yes">No keyword with name 'logxxx' found.</status>
</test>
<doc>Simple example using SeleniumLibrary.</doc>
<status status="FAIL" starttime="20200412 21:20:04.329" endtime="20200412 21:20:09.482"></status>
</suite>
<suite id="s1-s2" name="Test2" source="C:\Users\google\Desktop\github\test2.robot">
<test id="s1-s2-t1" name="final test log out">
<kw name="Log" library="BuiltIn">
<doc>Logs the given message with the given level.</doc>
<arguments>
<arg>"Ahnang"</arg>
</arguments>
<msg timestamp="20200412 21:20:09.488" level="INFO">"Ahnang"</msg>
<status status="PASS" starttime="20200412 21:20:09.488" endtime="20200412 21:20:09.488"></status>
</kw>
<status status="PASS" starttime="20200412 21:20:09.488" endtime="20200412 21:20:09.489" critical="yes"></status>
</test>
<test id="s1-s2-t2" name="check seasion">
<kw name="Log" library="BuiltIn">
<doc>Logs the given message with the given level.</doc>
<arguments>
<arg>"Ahnang"</arg>
</arguments>
<msg timestamp="20200412 21:20:09.489" level="INFO">"Ahnang"</msg>
<status status="PASS" starttime="20200412 21:20:09.489" endtime="20200412 21:20:09.490"></status>
</kw>
<status status="PASS" starttime="20200412 21:20:09.489" endtime="20200412 21:20:09.490" critical="yes"></status>
</test>
<doc>Simple example using SeleniumLibrary.</doc>
<status status="PASS" starttime="20200412 21:20:09.484" endtime="20200412 21:20:09.490"></status>
</suite>
<status status="FAIL" starttime="20200412 21:20:04.307" endtime="20200412 21:20:09.491"></status>
</suite>
<statistics>
<total>
<stat pass="3" fail="1">Critical Tests</stat>
<stat pass="3" fail="1">All Tests</stat>
</total>
<tag>
</tag>
<suite>
<stat pass="3" fail="1" id="s1" name="Test1 &amp; Test2">Test1 &amp; Test2</stat>
<stat pass="1" fail="1" id="s1-s1" name="Test1">Test1 &amp; Test2.Test1</stat>
<stat pass="2" fail="0" id="s1-s2" name="Test2">Test1 &amp; Test2.Test2</stat>
</suite>
</statistics>
<errors>
</errors>
</robot>
